{"level":"info","ts":1763347966.9785202,"msg":"maxprocs: Leaving GOMAXPROCS=8: CPU quota undefined"}
{"level":"info","ts":1763347966.979213,"msg":"GOMEMLIMIT is updated","package":"github.com/KimMachineGun/automemlimit/memlimit","GOMEMLIMIT":7730941132,"previous":9223372036854775807}
{"level":"info","ts":1763347966.979627,"msg":"using config from file","file":"Caddyfile"}
{"level":"warn","ts":1763347966.980744,"logger":"caddyfile","msg":"Site block has an unspecified IP address which only matches requests having that Host header; you probably want the 'bind' directive to configure the socket","address":"0.0.0.0"}
{"level":"info","ts":1763347966.9830139,"msg":"adapted config to JSON","adapter":"caddyfile"}
{"level":"warn","ts":1763347966.98302,"msg":"Caddyfile input is not formatted; run 'caddy fmt --overwrite' to fix inconsistencies","adapter":"caddyfile","file":"Caddyfile","line":33}
{"level":"info","ts":1763347966.9878368,"logger":"admin","msg":"admin endpoint started","address":"localhost:2019","enforce_origin":false,"origins":["//localhost:2019","//[::1]:2019","//127.0.0.1:2019"]}
{"level":"info","ts":1763347966.988449,"logger":"http.auto_https","msg":"enabling automatic HTTP->HTTPS redirects","server_name":"srv0"}
{"level":"info","ts":1763347966.98863,"logger":"tls.cache.maintenance","msg":"started background certificate maintenance","cache":"0x14000200080"}
{"level":"info","ts":1763347966.9958882,"logger":"http","msg":"enabling HTTP/3 listener","addr":":8080"}
{"level":"info","ts":1763347966.997785,"logger":"http.log","msg":"server running","name":"srv0","protocols":["h1","h2","h3"]}
{"level":"warn","ts":1763347966.997945,"logger":"http","msg":"HTTP/2 skipped because it requires TLS","network":"tcp","addr":":80"}
{"level":"warn","ts":1763347966.997952,"logger":"http","msg":"HTTP/3 skipped because it requires TLS","network":"tcp","addr":":80"}
{"level":"info","ts":1763347966.997955,"logger":"http.log","msg":"server running","name":"remaining_auto_https_redirects","protocols":["h1","h2","h3"]}
{"level":"info","ts":1763347966.997958,"logger":"http","msg":"enabling automatic TLS certificate management","domains":["0.0.0.0"]}
{"level":"warn","ts":1763347967.000708,"logger":"tls","msg":"stapling OCSP","identifiers":["0.0.0.0"]}
{"level":"info","ts":1763347967.022551,"logger":"tls","msg":"storage cleaning happened too recently; skipping for now","storage":"FileStorage:/Users/ming/Library/Application Support/Caddy","instance":"f3816b34-a01c-4e93-a764-3e57a242d205","try_again":1763434367.022549,"try_again_in":86399.999999709}
{"level":"info","ts":1763347967.023092,"logger":"tls","msg":"finished cleaning storage units"}
{"level":"warn","ts":1763347967.0278242,"logger":"pki.ca.local","msg":"installing root certificate (you might be prompted for password)","path":"storage:pki/authorities/local/root.crt"}
{"level":"info","ts":1763347967.0926778,"msg":"warning: \"certutil\" is not available, install \"certutil\" with \"brew install nss\" and try again"}
{"level":"info","ts":1763347967.092704,"msg":"define JAVA_HOME environment variable to use the Java trust"}
{"level":"info","ts":1763353054.827373,"msg":"not implemented","signal":"SIGHUP"}
{"level":"error","ts":1763353054.8335848,"logger":"pki.ca.local","msg":"failed to install root certificate","error":"failed to execute sudo: exit status 1","certificate_file":"storage:pki/authorities/local/root.crt"}
{"level":"info","ts":1763353054.8461561,"msg":"autosaved config (load with --resume flag)","file":"/Users/ming/Library/Application Support/Caddy/autosave.json"}
{"level":"info","ts":1763353054.847116,"msg":"serving initial configuration"}
{"level":"info","ts":1763353063.137482,"msg":"shutting down apps, then terminating","signal":"SIGTERM"}
{"level":"warn","ts":1763353063.137781,"msg":"exiting; byeee!! 👋","signal":"SIGTERM"}
{"level":"info","ts":1763353063.139897,"logger":"http","msg":"servers shutting down with eternal grace period"}
{"level":"info","ts":1763353063.151922,"logger":"admin","msg":"stopped previous server","address":"localhost:2019"}
{"level":"info","ts":1763353063.15237,"msg":"shutdown complete","signal":"SIGTERM","exit_code":0}
